Using pre-set license
Built from '2020.3/release' branch; Version is '2020.3.2f1 (8fd9074bf66c) revision 9427207'; Using compiler version '192528614'; Build Type 'Release'
OS: 'Windows 7  (6.1.0) 64bit' Language: 'en' Physical Memory: 16304 MB
BatchMode: 1, IsHumanControllingUs: 0, StartBugReporterOnCrash: 0, Is64bit: 1, IsPro: 0

 COMMAND LINE ARGUMENTS:
C:\Program Files\Unity\Hub\Editor\2020.3.2f1\Editor\Unity.exe
-adb2
-batchMode
-noUpm
-name
AssetImportWorker0
-projectPath
C:/Users/Sunset/WizardFightArena
-logFile
Logs/AssetImportWorker0.log
-srvPort
49778
Successfully changed project path to: C:/Users/Sunset/WizardFightArena
C:/Users/Sunset/WizardFightArena
Using Asset Import Pipeline V2.
Refreshing native plugins compatible for Editor in 50.27 ms, found 0 plugins.
Preloading 0 native plugins for Editor in 0.00 ms.
Initialize engine version: 2020.3.2f1 (8fd9074bf66c)
[Subsystems] Discovering subsystems at path C:/Program Files/Unity/Hub/Editor/2020.3.2f1/Editor/Data/Resources/UnitySubsystems
[Subsystems] Discovering subsystems at path C:/Users/Sunset/WizardFightArena/Assets
GfxDevice: creating device client; threaded=0
d3d11: CreateDXGIFactory2(...) not found, fallbacking to CreateDXGIFactory1(...).
d3d11: QueryInterface(IDXGIFactory5) failed (80004002).
Direct3D:
    Version:  Direct3D 11.0 [level 11.0]
    Renderer: NVIDIA GeForce GTX 765M (ID=0x11e2)
    Vendor:   
    VRAM:     1992 MB
    Driver:   22.21.13.8253
Initialize mono
Mono path[0] = 'C:/Program Files/Unity/Hub/Editor/2020.3.2f1/Editor/Data/Managed'
Mono path[1] = 'C:/Program Files/Unity/Hub/Editor/2020.3.2f1/Editor/Data/MonoBleedingEdge/lib/mono/unityjit'
Mono config path = 'C:/Program Files/Unity/Hub/Editor/2020.3.2f1/Editor/Data/MonoBleedingEdge/etc'
Using monoOptions --debugger-agent=transport=dt_socket,embedding=1,server=y,suspend=n,address=127.0.0.1:56716
Begin MonoManager ReloadAssembly
Registering precompiled unity dll's ...
Register platform support module: C:/Program Files/Unity/Hub/Editor/2020.3.2f1/Editor/Data/PlaybackEngines/WebGLSupport/UnityEditor.WebGL.Extensions.dll
Register platform support module: C:/Program Files/Unity/Hub/Editor/2020.3.2f1/Editor/Data/PlaybackEngines/WindowsStandaloneSupport/UnityEditor.WindowsStandalone.Extensions.dll
Registered in 0.001743 seconds.
Native extension for WindowsStandalone target not found
Native extension for WebGL target not found
Refreshing native plugins compatible for Editor in 52.12 ms, found 0 plugins.
Preloading 0 native plugins for Editor in 0.00 ms.
Invoked RoslynAnalysisRunner static constructor.
RoslynAnalysisRunner will not be running.
RoslynAnalysisRunner has terminated.
Mono: successfully reloaded assembly
- Completed reload, in  1.727 seconds
Platform modules already initialized, skipping
Registering precompiled user dll's ...
Registered in 0.000786 seconds.
Begin MonoManager ReloadAssembly
Native extension for WindowsStandalone target not found
Native extension for WebGL target not found
Refreshing native plugins compatible for Editor in 0.48 ms, found 0 plugins.
Preloading 0 native plugins for Editor in 0.00 ms.
Invoked RoslynAnalysisRunner static constructor.
RoslynAnalysisRunner will not be running.
RoslynAnalysisRunner has terminated.
Mono: successfully reloaded assembly
- Completed reload, in  1.490 seconds
Platform modules already initialized, skipping
========================================================================
Worker process is ready to serve import requests
Launched and connected shader compiler UnityShaderCompiler.exe after 0.03 seconds
Refreshing native plugins compatible for Editor in 0.44 ms, found 0 plugins.
Preloading 0 native plugins for Editor in 0.00 ms.
Unloading 1510 Unused Serialized files (Serialized files now loaded: 0)
System memory in use before: 165.2 MB.
System memory in use after: 165.3 MB.

Unloading 14 unused Assets to reduce memory usage. Loaded Objects now: 1992.
Total: 3.061213 ms (FindLiveObjects: 0.303670 ms CreateObjectMapping: 0.205752 ms MarkObjects: 2.424959 ms  DeleteObjects: 0.119778 ms)

========================================================================
Received Import Request.
  path: Assets/FireBoltSpawn.cs
  artifactKey: Guid(0bf416754a574804eab347b33a71d7e5) Importer(815301076,1909f56bfc062723c751e8b465ee728b)
Start importing Assets/FireBoltSpawn.cs using Guid(0bf416754a574804eab347b33a71d7e5) Importer(815301076,1909f56bfc062723c751e8b465ee728b)  -> (artifact id: 'a557750b12cba55e11deb9570b6a0f4d') in 0.057341 seconds
  Import took 0.062841 seconds .

========================================================================
Received Import Request.
  Time since last request: 17.620952 seconds.
  path: Assets/ElementContainer.cs
  artifactKey: Guid(cfab81b90ee08a94ca025c08b157b61f) Importer(815301076,1909f56bfc062723c751e8b465ee728b)
Start importing Assets/ElementContainer.cs using Guid(cfab81b90ee08a94ca025c08b157b61f) Importer(815301076,1909f56bfc062723c751e8b465ee728b)  -> (artifact id: '6bb2797f02804e63d37ac6fe0f84c948') in 0.008058 seconds
  Import took 0.011708 seconds .

========================================================================
Received Import Request.
  Time since last request: 0.000842 seconds.
  path: Assets/ElementContainer.cs
  artifactKey: Guid(cfab81b90ee08a94ca025c08b157b61f) Importer(815301076,1909f56bfc062723c751e8b465ee728b)
Start importing Assets/ElementContainer.cs using Guid(cfab81b90ee08a94ca025c08b157b61f) Importer(815301076,1909f56bfc062723c751e8b465ee728b)  -> (artifact id: '6bb2797f02804e63d37ac6fe0f84c948') in 0.002871 seconds
  Import took 0.006571 seconds .

